{"/home/phyu_sin_khant/Desktop/Jest-Unit-Testing/js/cloneArray.js": {"path":"/home/phyu_sin_khant/Desktop/Jest-Unit-Testing/js/cloneArray.js","statementMap":{"0":{"start":{"line":1,"column":19},"end":{"line":4,"column":1}},"1":{"start":{"line":3,"column":2},"end":{"line":3,"column":20}},"2":{"start":{"line":6,"column":0},"end":{"line":6,"column":28}}},"fnMap":{"0":{"name":"(anonymous_0)","decl":{"start":{"line":1,"column":19},"end":{"line":1,"column":20}},"loc":{"start":{"line":1,"column":30},"end":{"line":4,"column":1}},"line":1}},"branchMap":{},"s":{"0":1,"1":1,"2":1},"f":{"0":1},"b":{},"_coverageSchema":"1a1c01bbd47fc00a2c39e90264f33305004495a9","hash":"8230d7fac6a6975fedcfc578d5847cf56917adb3"}
,"/home/phyu_sin_khant/Desktop/Jest-Unit-Testing/js/functions.js": {"path":"/home/phyu_sin_khant/Desktop/Jest-Unit-Testing/js/functions.js","statementMap":{"0":{"start":{"line":1,"column":14},"end":{"line":1,"column":30}},"1":{"start":{"line":2,"column":18},"end":{"line":22,"column":1}},"2":{"start":{"line":3,"column":23},"end":{"line":3,"column":34}},"3":{"start":{"line":5,"column":14},"end":{"line":5,"column":18}},"4":{"start":{"line":7,"column":21},"end":{"line":7,"column":22}},"5":{"start":{"line":10,"column":17},"end":{"line":10,"column":38}},"6":{"start":{"line":11,"column":4},"end":{"line":11,"column":29}},"7":{"start":{"line":13,"column":4},"end":{"line":13,"column":16}},"8":{"start":{"line":17,"column":4},"end":{"line":20,"column":31}},"9":{"start":{"line":19,"column":21},"end":{"line":19,"column":29}},"10":{"start":{"line":20,"column":22},"end":{"line":20,"column":29}},"11":{"start":{"line":24,"column":0},"end":{"line":24,"column":27}}},"fnMap":{"0":{"name":"(anonymous_0)","decl":{"start":{"line":3,"column":7},"end":{"line":3,"column":8}},"loc":{"start":{"line":3,"column":23},"end":{"line":3,"column":34}},"line":3},"1":{"name":"(anonymous_1)","decl":{"start":{"line":5,"column":8},"end":{"line":5,"column":9}},"loc":{"start":{"line":5,"column":14},"end":{"line":5,"column":18}},"line":5},"2":{"name":"(anonymous_2)","decl":{"start":{"line":7,"column":14},"end":{"line":7,"column":15}},"loc":{"start":{"line":7,"column":21},"end":{"line":7,"column":22}},"line":7},"3":{"name":"(anonymous_3)","decl":{"start":{"line":9,"column":14},"end":{"line":9,"column":15}},"loc":{"start":{"line":9,"column":20},"end":{"line":14,"column":3}},"line":9},"4":{"name":"(anonymous_4)","decl":{"start":{"line":16,"column":13},"end":{"line":16,"column":14}},"loc":{"start":{"line":16,"column":25},"end":{"line":21,"column":3}},"line":16},"5":{"name":"(anonymous_5)","decl":{"start":{"line":19,"column":12},"end":{"line":19,"column":13}},"loc":{"start":{"line":19,"column":21},"end":{"line":19,"column":29}},"line":19},"6":{"name":"(anonymous_6)","decl":{"start":{"line":20,"column":13},"end":{"line":20,"column":14}},"loc":{"start":{"line":20,"column":22},"end":{"line":20,"column":29}},"line":20}},"branchMap":{},"s":{"0":1,"1":1,"2":1,"3":1,"4":1,"5":1,"6":1,"7":1,"8":1,"9":0,"10":0,"11":1},"f":{"0":1,"1":1,"2":1,"3":1,"4":1,"5":0,"6":0},"b":{},"_coverageSchema":"1a1c01bbd47fc00a2c39e90264f33305004495a9","hash":"95bc318d1f3784c59793843499dcf09c0134ce12"}
,"/home/phyu_sin_khant/Desktop/Jest-Unit-Testing/js/subtract.js": {"path":"/home/phyu_sin_khant/Desktop/Jest-Unit-Testing/js/subtract.js","statementMap":{"0":{"start":{"line":1,"column":17},"end":{"line":3,"column":1}},"1":{"start":{"line":2,"column":2},"end":{"line":2,"column":15}},"2":{"start":{"line":5,"column":0},"end":{"line":5,"column":26}}},"fnMap":{"0":{"name":"(anonymous_0)","decl":{"start":{"line":1,"column":17},"end":{"line":1,"column":18}},"loc":{"start":{"line":1,"column":27},"end":{"line":3,"column":1}},"line":1}},"branchMap":{},"s":{"0":1,"1":1,"2":1},"f":{"0":1},"b":{},"_coverageSchema":"1a1c01bbd47fc00a2c39e90264f33305004495a9","hash":"8fc5e05b0fe3a84a1870a295d5b89929e4a582db"}
,"/home/phyu_sin_khant/Desktop/Jest-Unit-Testing/js/sum.js": {"path":"/home/phyu_sin_khant/Desktop/Jest-Unit-Testing/js/sum.js","statementMap":{"0":{"start":{"line":1,"column":12},"end":{"line":3,"column":1}},"1":{"start":{"line":2,"column":2},"end":{"line":2,"column":15}},"2":{"start":{"line":5,"column":0},"end":{"line":5,"column":21}}},"fnMap":{"0":{"name":"(anonymous_0)","decl":{"start":{"line":1,"column":12},"end":{"line":1,"column":13}},"loc":{"start":{"line":1,"column":22},"end":{"line":3,"column":1}},"line":1}},"branchMap":{},"s":{"0":1,"1":1,"2":1},"f":{"0":1},"b":{},"_coverageSchema":"1a1c01bbd47fc00a2c39e90264f33305004495a9","hash":"e248153fc805ccffd1da9371c54944843823e129"}
}
